<?xml version="1.0" encoding="UTF-8"?>
<beans xmlns="http://www.springframework.org/schema/beans" xmlns:beans="http://www.springframework.org/schema/beans"
	xmlns:xsi="http://www.w3.org/2001/XMLSchema-instance" xmlns:p="http://www.springframework.org/schema/p"
	xmlns:context="http://www.springframework.org/schema/context"
	xmlns:jms="http://www.springframework.org/schema/jms" xmlns:jaxrs="http://cxf.apache.org/jaxrs"
	xmlns:jaxws="http://cxf.apache.org/jaxws" xmlns:httpj="http://cxf.apache.org/transports/http-jetty/configuration"
	xsi:schemaLocation="http://www.springframework.org/schema/beans 
	http://www.springframework.org/schema/beans/spring-beans-2.0.xsd
	http://www.springframework.org/schema/context
	http://www.springframework.org/schema/context/spring-context.xsd
	http://cxf.apache.org/jaxrs
	http://cxf.apache.org/schemas/jaxrs.xsd
	http://cxf.apache.org/jaxws		
	http://cxf.apache.org/schemas/jaxws.xsd
	http://www.springframework.org/schema/jms
	http://www.springframework.org/schema/jms/spring-jms-3.0.xsd 
	http://cxf.apache.org/transports/http-jetty/configuration
    http://cxf.apache.org/schemas/configuration/http-jetty.xsd">

	<import resource="classpath:META-INF/cxf/cxf.xml" />
	<import resource="classpath:META-INF/cxf/cxf-servlet.xml" />
	<!-- <import resource="classpath*:META-INF/cxf/cxf-extension-*.xml" /> -->

	<context:component-scan base-package="com.unico.services" />

	<!-- beans to be used for SOAP/REST -->
	<bean id="pushservice" class="com.unico.services.rest.PushServiceImpl" />
	<bean id="gcdservice" class="com.unico.services.soap.GCDServiceImpl" />

	<!-- spring -->
	<bean id="jmsTemplate" class="org.mockito.Mockito" factory-method="mock">
		<constructor-arg value="org.springframework.jms.core.JmsTemplate" />
	</bean>

	<bean id="gcdCalculator" class="com.unico.services.GCDCalculator" />

	<bean id="gcdDao" class="org.mockito.Mockito" factory-method="mock">
		<constructor-arg value="com.unico.services.dao.impl.GCDDaoImpl" />
	</bean>

</beans>